<?xml version="1.0" encoding="UTF-8"?>
<!-- Generated by org.testng.reporters.JUnitReportReporter -->
<testsuite hostname="LAPTOP-BO6IPNBJ" failures="0" tests="1" name="mis_test.Test_Domicilio1" time="12.370" errors="0" timestamp="2023-04-06T15:27:45 ART" skipped="0">
  <testcase classname="mis_test.Test_Domicilio1" name="Test_Domicilio" time="12.370"/>
  <system-out/>
</testsuite> <!-- mis_test.Test_Domicilio1 -->
