<?xml version="1.0" encoding="UTF-8"?>
<!-- Generated by org.testng.reporters.JUnitReportReporter -->
<testsuite hostname="LAPTOP-BO6IPNBJ" failures="0" tests="1" name="Test_Domicilio" time="13.745" errors="0" timestamp="2023-03-30T19:47:42 ART" skipped="0">
  <testcase classname="Test_Domicilio" name="Test_Domicilio" time="13.745"/>
  <system-out/>
</testsuite> <!-- Test_Domicilio -->
